Start testing: May 15 15:10 CEST
----------------------------------------------------------
1/1 Testing: program.unit_tests
1/1 Test: program.unit_tests
Command: "/home/jakub/Documents/zad4-jszymanski36/build/unit_tests" "-V"
Directory: /home/jakub/Documents/zad4-jszymanski36/build/tests
"program.unit_tests" start time: May 15 15:10 CEST
Output:
----------------------------------------------------------
[doctest] doctest version is "2.4.5"
[doctest] run with "--help" for options
===============================================================================
/home/jakub/Documents/zad4-jszymanski36/tests/test_vector3D.cpp:47:
TEST CASE:  Mnożenie vector3D * double

/home/jakub/Documents/zad4-jszymanski36/tests/test_vector3D.cpp:54: ERROR: CHECK( x * 2.0 == y ) is NOT correct!
  values: CHECK( [ 2 ]
[ 4 ]
[ -6 ]
 == [ 2 ]
[ 3 ]
[ -6 ]
 )

===============================================================================
[doctest] test cases: 23 | 22 passed | 1 failed | 0 skipped
[doctest] assertions: 19 | 18 passed | 1 failed |
[doctest] Status: FAILURE!
<end of output>
Test time =   0.00 sec
----------------------------------------------------------
Test Failed.
"program.unit_tests" end time: May 15 15:10 CEST
"program.unit_tests" time elapsed: 00:00:00
----------------------------------------------------------

End testing: May 15 15:10 CEST
